<?xml version="1.0" encoding="UTF-8"?>
<!-- Generated by org.testng.reporters.JUnitReportReporter -->
<testsuite skipped="0" hostname="E0363753" name="testcases.UserRegistrationDDT" tests="2" failures="0" timestamp="19 Sep 2018 07:59:36 GMT" time="11.866" errors="0">
  <testcase name="UserRegisterSuccessfully" time="5.095" classname="testcases.UserRegistrationDDT"/>
  <testcase name="UserRegisterSuccessfully" time="6.771" classname="testcases.UserRegistrationDDT"/>
</testsuite> <!-- testcases.UserRegistrationDDT -->
