<?xml version="1.0" encoding="UTF-8"?>
<!-- Generated by org.testng.reporters.JUnitReportReporter -->
<testsuite skipped="0" hostname="E0363753" name="testcases.UserSubscribeNewsletterTest" tests="1" failures="0" timestamp="25 Sep 2018 10:57:55 GMT" time="2.543" errors="0">
  <testcase name="UserSearchSuccessfully" time="2.543" classname="testcases.UserSubscribeNewsletterTest"/>
</testsuite> <!-- testcases.UserSubscribeNewsletterTest -->
