<?xml version="1.0" encoding="UTF-8"?>
<!-- Generated by org.testng.reporters.JUnitReportReporter -->
<testsuite skipped="0" hostname="E0363753" name="testcases.UserRegistrationTest" tests="1" failures="0" timestamp="20 Sep 2018 18:55:28 GMT" time="2.911" errors="0">
  <testcase name="UserRegisterSuccessfully" time="2.911" classname="testcases.UserRegistrationTest"/>
</testsuite> <!-- testcases.UserRegistrationTest -->
