<?xml version="1.0" encoding="UTF-8"?>
<!-- Generated by org.testng.reporters.JUnitReportReporter -->
<testsuite skipped="0" hostname="E0363753" name="testcases.UserRegistrationDDTExcel" tests="2" failures="0" timestamp="19 Sep 2018 12:40:30 GMT" time="12.832" errors="0">
  <testcase name="UserRegisterSuccessfully" time="7.929" classname="testcases.UserRegistrationDDTExcel"/>
  <testcase name="UserRegisterSuccessfully" time="4.903" classname="testcases.UserRegistrationDDTExcel"/>
</testsuite> <!-- testcases.UserRegistrationDDTExcel -->
