<?xml version="1.0" encoding="UTF-8"?>
<!-- Generated by org.testng.reporters.JUnitReportReporter -->
<testsuite skipped="0" hostname="E0363753" name="testcases.UserFillContactForum" tests="1" failures="0" timestamp="21 Sep 2018 13:05:43 GMT" time="3.460" errors="0">
  <testcase name="UserFillForumSuccessfully" time="3.460" classname="testcases.UserFillContactForum"/>
</testsuite> <!-- testcases.UserFillContactForum -->
