<?xml version="1.0" encoding="UTF-8"?>
<!-- Generated by org.testng.reporters.JUnitReportReporter -->
<testsuite skipped="0" hostname="E0363753" name="testcases.UserFillContactForumTest" tests="1" failures="0" timestamp="25 Sep 2018 11:10:43 GMT" time="9.565" errors="0">
  <testcase name="UserFillForumSuccessfully" time="9.565" classname="testcases.UserFillContactForumTest"/>
</testsuite> <!-- testcases.UserFillContactForumTest -->
