<?xml version="1.0" encoding="UTF-8"?>
<!-- Generated by org.testng.reporters.JUnitReportReporter -->
<testsuite skipped="0" hostname="E0363753" name="com.khattab.maven.Testcases" tests="2" failures="0" timestamp="26 Jul 2018 15:28:35 GMT" time="1.814" errors="0">
  <testcase name="Testcase1" time="0.015" classname="com.khattab.maven.Testcases"/>
  <testcase name="Testcase2" time="1.799" classname="com.khattab.maven.Testcases"/>
</testsuite> <!-- com.khattab.maven.Testcases -->
