<?xml version="1.0" encoding="UTF-8"?>
<!-- Generated by org.testng.reporters.JUnitReportReporter -->
<testsuite skipped="1" hostname="E0363753" name="testcases.UserNavigateToMenuTest" tests="2" failures="0" timestamp="01 Oct 2018 13:21:02 GMT" time="33.028" errors="1">
  <testcase name="startGrid" time="33.028" classname="testcases.UserNavigateToMenuTest">
    <error type="org.openqa.selenium.WebDriverException" message="Unable to parse remote response: &lt;HEAD&gt;&lt;TITLE&gt;Connection Timed Out&lt;/TITLE&gt;&lt;/HEAD&gt;
&lt;BODY BGCOLOR=&quot;white&quot; FGCOLOR=&quot;black&quot;&gt;
&lt;FONT FACE=&quot;Helvetica,Arial&quot;&gt;&lt;B&gt;
 Connection Timed Out&lt;/B&gt;&lt;/FONT&gt;

&lt;!-- default &quot;Connection Timed Out&quot; response (504) --&gt;
&lt;/BODY&gt;

Build info: version: &#039;3.13.0&#039;, revision: &#039;2f0d292&#039;, time: &#039;2018-06-25T15:24:21.231Z&#039;
System info: host: &#039;E0363753&#039;, ip: &#039;192.168.42.152&#039;, os.name: &#039;Windows 10&#039;, os.arch: &#039;amd64&#039;, os.version: &#039;10.0&#039;, java.version: &#039;1.8.0_171&#039;
Driver info: driver.version: RemoteWebDriver">
      <![CDATA[org.openqa.selenium.WebDriverException: Unable to parse remote response: <HEAD><TITLE>Connection Timed Out</TITLE></HEAD>
<BODY BGCOLOR="white" FGCOLOR="black">
<FONT FACE="Helvetica,Arial"><B>
 Connection Timed Out</B></FONT>

<!-- default "Connection Timed Out" response (504) -->
</BODY>

Build info: version: '3.13.0', revision: '2f0d292', time: '2018-06-25T15:24:21.231Z'
System info: host: 'E0363753', ip: '192.168.42.152', os.name: 'Windows 10', os.arch: 'amd64', os.version: '10.0', java.version: '1.8.0_171'
Driver info: driver.version: RemoteWebDriver
at org.openqa.selenium.remote.ProtocolHandshake.createSession(ProtocolHandshake.java:111)
at org.openqa.selenium.remote.ProtocolHandshake.createSession(ProtocolHandshake.java:73)
at org.openqa.selenium.remote.HttpCommandExecutor.execute(HttpCommandExecutor.java:136)
at org.openqa.selenium.remote.RemoteWebDriver.execute(RemoteWebDriver.java:548)
at org.openqa.selenium.remote.RemoteWebDriver.startSession(RemoteWebDriver.java:212)
at org.openqa.selenium.remote.RemoteWebDriver.<init>(RemoteWebDriver.java:130)
at org.openqa.selenium.remote.RemoteWebDriver.<init>(RemoteWebDriver.java:143)
at testcases.GridBase.startGrid(GridBase.java:53)
at sun.reflect.NativeMethodAccessorImpl.invoke0(Native Method)
at sun.reflect.NativeMethodAccessorImpl.invoke(Unknown Source)
at sun.reflect.DelegatingMethodAccessorImpl.invoke(Unknown Source)
at java.lang.reflect.Method.invoke(Unknown Source)
at org.testng.internal.MethodInvocationHelper.invokeMethod(MethodInvocationHelper.java:124)
at org.testng.internal.MethodInvocationHelper.invokeMethodConsideringTimeout(MethodInvocationHelper.java:59)
at org.testng.internal.Invoker.invokeConfigurationMethod(Invoker.java:458)
at org.testng.internal.Invoker.invokeConfigurations(Invoker.java:222)
at org.testng.internal.Invoker.invokeConfigurations(Invoker.java:142)
at org.testng.TestRunner.beforeRun(TestRunner.java:529)
at org.testng.TestRunner.run(TestRunner.java:497)
at org.testng.SuiteRunner.runTest(SuiteRunner.java:455)
at org.testng.SuiteRunner.access$000(SuiteRunner.java:40)
at org.testng.SuiteRunner$SuiteWorker.run(SuiteRunner.java:489)
at org.testng.internal.thread.ThreadUtil$1.call(ThreadUtil.java:52)
at java.util.concurrent.FutureTask.run(Unknown Source)
at java.util.concurrent.ThreadPoolExecutor.runWorker(Unknown Source)
at java.util.concurrent.ThreadPoolExecutor$Worker.run(Unknown Source)
at java.lang.Thread.run(Unknown Source)
]]>
    </error>
  </testcase> <!-- startGrid -->
  <testcase name="UserNavigateSuccessfully" time="0.000" classname="testcases.UserNavigateToMenuTest">
    <skipped/>
  </testcase> <!-- UserNavigateSuccessfully -->
</testsuite> <!-- testcases.UserNavigateToMenuTest -->
