<?xml version="1.0" encoding="UTF-8"?>
<!-- Generated by org.testng.reporters.JUnitReportReporter -->
<testsuite skipped="0" hostname="E0363753" name="testcases.ValidateLinksTest" tests="1" failures="0" timestamp="26 Sep 2018 07:53:41 GMT" time="137.676" errors="0">
  <testcase name="validateAllLink" time="137.676" classname="testcases.ValidateLinksTest"/>
</testsuite> <!-- testcases.ValidateLinksTest -->
