<?xml version="1.0" encoding="UTF-8"?>
<!-- Generated by org.testng.reporters.JUnitReportReporter -->
<testsuite skipped="0" hostname="E0363753" name="testcases.ChangeLanguageTest" tests="1" failures="0" timestamp="09 Oct 2018 07:52:20 GMT" time="7.046" errors="0">
  <testcase name="ChangeLanguage" time="7.046" classname="testcases.ChangeLanguageTest"/>
</testsuite> <!-- testcases.ChangeLanguageTest -->
