<?xml version="1.0" encoding="UTF-8"?>
<!-- Generated by org.testng.reporters.JUnitReportReporter -->
<testsuite skipped="0" hostname="E0363753" name="testcases.ChangeLanguageTest" tests="1" failures="0" timestamp="26 Sep 2018 07:53:41 GMT" time="4.832" errors="0">
  <testcase name="ChangeLanguage" time="4.832" classname="testcases.ChangeLanguageTest"/>
</testsuite> <!-- testcases.ChangeLanguageTest -->
