<?xml version="1.0" encoding="UTF-8"?>
<!-- Generated by org.testng.reporters.JUnitReportReporter -->
<testsuite skipped="0" hostname="E0363753" name="testcases.ValidateLinksTest" tests="1" failures="0" timestamp="25 Sep 2018 11:34:45 GMT" time="21.623" errors="0">
  <testcase name="validateAllLink" time="21.623" classname="testcases.ValidateLinksTest"/>
</testsuite> <!-- testcases.ValidateLinksTest -->
